0 info it worked if it ends with ok
1 verbose cli [ '/usr/local/Cellar/node/0.10.26/bin/node',
1 verbose cli   '/usr/local/bin/npm',
1 verbose cli   'install',
1 verbose cli   'jasmine' ]
2 info using npm@1.4.3
3 info using node@v0.10.26
4 warn package.json sprsh@0.0.0 No description
5 warn package.json sprsh@0.0.0 No repository field.
6 warn package.json sprsh@0.0.0 No README data
7 verbose readDependencies using package.json deps
8 verbose cache add [ 'jasmine', null ]
9 verbose cache add name=undefined spec="jasmine" args=["jasmine",null]
10 verbose parsed url { protocol: null,
10 verbose parsed url   slashes: null,
10 verbose parsed url   auth: null,
10 verbose parsed url   host: null,
10 verbose parsed url   port: null,
10 verbose parsed url   hostname: null,
10 verbose parsed url   hash: null,
10 verbose parsed url   search: null,
10 verbose parsed url   query: null,
10 verbose parsed url   pathname: 'jasmine',
10 verbose parsed url   path: 'jasmine',
10 verbose parsed url   href: 'jasmine' }
11 silly lockFile 5bfd08bd-jasmine jasmine
12 verbose lock jasmine /Users/jamal/.npm/5bfd08bd-jasmine.lock
13 silly lockFile 5bfd08bd-jasmine jasmine
14 silly lockFile 5bfd08bd-jasmine jasmine
15 verbose addNamed [ 'jasmine', '' ]
16 verbose addNamed [ null, '*' ]
17 silly lockFile fdd358a6-jasmine jasmine@
18 verbose lock jasmine@ /Users/jamal/.npm/fdd358a6-jasmine.lock
19 silly addNameRange { name: 'jasmine', range: '*', hasData: false }
20 verbose url raw jasmine
21 verbose url resolving [ 'https://registry.npmjs.org/', './jasmine' ]
22 verbose url resolved https://registry.npmjs.org/jasmine
23 info trying registry request attempt 1 at 23:12:27
24 http GET https://registry.npmjs.org/jasmine
25 http 404 https://registry.npmjs.org/jasmine
26 silly registry.get cb [ 404,
26 silly registry.get   { date: 'Tue, 18 Mar 2014 23:12:28 GMT',
26 silly registry.get     server: 'CouchDB/1.5.0 (Erlang OTP/R16B)',
26 silly registry.get     'content-type': 'application/json',
26 silly registry.get     via: '1.1 varnish',
26 silly registry.get     'cache-control': 'max-age=0',
26 silly registry.get     'content-length': '52',
26 silly registry.get     'accept-ranges': 'bytes',
26 silly registry.get     age: '0',
26 silly registry.get     'x-served-by': 'cache-v36-ASH, cache-lcy1130-LCY',
26 silly registry.get     'x-cache': 'MISS, MISS',
26 silly registry.get     'x-cache-hits': '0, 0',
26 silly registry.get     'x-timer': 'S1395184348.010657310,VS0,VS-970,VE-886,VE159',
26 silly registry.get     'keep-alive': 'timeout=10, max=50',
26 silly registry.get     connection: 'Keep-Alive' } ]
27 silly lockFile fdd358a6-jasmine jasmine@
28 silly lockFile fdd358a6-jasmine jasmine@
29 error 404 'jasmine' is not in the npm registry.
29 error 404 You should bug the author to publish it
29 error 404 It was specified as a dependency of 'sprsh'
29 error 404
29 error 404 Note that you can also install from a
29 error 404 tarball, folder, or http url, or git url.
30 error System Darwin 13.1.0
31 error command "/usr/local/Cellar/node/0.10.26/bin/node" "/usr/local/bin/npm" "install" "jasmine"
32 error cwd /Users/jamal/Development/node_js/sprsh
33 error node -v v0.10.26
34 error npm -v 1.4.3
35 error code E404
36 verbose exit [ 1, true ]
